{
"contracts/Charity.sol":{"l":{"18":6,"19":6,"20":6,"24":2,"29":2,"30":2,"31":2,"32":2,"47":3,"48":3,"49":3,"57":0,"58":0,"60":0,"61":0,"62":0,"63":0,"64":0,"135":3,"141":6,"143":5,"153":2,"155":1,"161":4,"163":3,"175":1,"176":1,"178":1,"179":1,"180":1,"181":1,"182":1,"183":1,"184":1,"185":1,"187":0,"189":1,"190":1,"191":1,"192":1,"201":1,"205":1,"206":0,"208":1,"210":0,"212":0,"214":0,"216":0,"218":0,"234":1,"236":1,"237":1,"240":1,"256":2,"266":1,"267":1,"268":1,"269":1,"270":1,"271":1,"272":1,"273":1,"274":1,"276":1,"278":1,"279":1,"280":1,"281":1,"285":1,"291":1,"295":1,"299":1,"307":1,"311":1,"315":1,"319":1,"320":1,"321":1,"329":1,"333":1,"334":1,"335":1,"336":1,"340":1,"341":1,"342":1,"343":1,"344":1,"345":1,"349":1,"350":1,"351":1,"352":1,"353":1,"354":1,"355":1,"363":2,"364":2,"365":2,"366":2,"367":2,"368":2,"369":2,"370":2,"378":1,"379":0,"381":1},"path":"/Users/Beth/Charity/contracts/Charity.sol","s":{"1":6,"2":6,"3":6,"4":2,"5":2,"6":2,"7":2,"8":2,"9":3,"10":3,"11":3,"12":0,"13":0,"14":0,"15":0,"16":0,"17":0,"18":0,"19":3,"20":6,"21":1,"22":5,"23":2,"24":1,"25":1,"26":4,"27":1,"28":3,"29":1,"30":1,"31":1,"32":1,"33":1,"34":1,"35":1,"36":1,"37":1,"38":1,"39":0,"40":1,"41":1,"42":1,"43":1,"44":1,"45":1,"46":0,"47":1,"48":1,"49":0,"50":0,"51":0,"52":0,"53":0,"54":0,"55":0,"56":0,"57":0,"58":0,"59":1,"60":1,"61":1,"62":1,"63":2,"64":1,"65":1,"66":1,"67":1,"68":1,"69":1,"70":1,"71":1,"72":1,"73":1,"74":1,"75":1,"76":1,"77":1,"78":1,"79":1,"80":1,"81":1,"82":1,"83":1,"84":1,"85":1,"86":1,"87":1,"88":1,"89":1,"90":1,"91":1,"92":1,"93":1,"94":1,"95":1,"96":1,"97":1,"98":1,"99":1,"100":1,"101":1,"102":1,"103":2,"104":2,"105":2,"106":2,"107":2,"108":2,"109":10,"110":2,"111":11,"112":2,"113":1,"114":0,"115":1},"b":{"1":[2,0],"2":[0,0],"3":[0,0],"4":[1,5],"5":[1,1],"6":[1,3],"7":[1,0],"8":[1,0],"9":[1,0],"10":[0,1],"11":[1,0],"12":[0,0],"13":[0,0],"14":[0,0],"15":[0,0],"16":[0,0],"17":[1,0],"18":[1,0],"19":[1,0],"20":[1,0],"21":[1,0],"22":[1,0],"23":[1,0],"24":[1,0],"25":[1,0],"26":[1,0],"27":[1,0],"28":[1,0],"29":[0,1]},"f":{"1":6,"2":2,"3":3,"4":0,"5":3,"6":6,"7":2,"8":4,"9":1,"10":1,"11":1,"12":2,"13":1,"14":1,"15":1,"16":1,"17":1,"18":1,"19":2,"20":1},"fnMap":{"1":{"name":"constructor","line":16,"loc":{"start":{"line":16,"column":4},"end":{"line":16,"column":22}}},"2":{"name":"transfer","line":23,"loc":{"start":{"line":23,"column":4},"end":{"line":23,"column":76}}},"3":{"name":"approve","line":43,"loc":{"start":{"line":43,"column":4},"end":{"line":46,"column":5}}},"4":{"name":"transferFrom","line":52,"loc":{"start":{"line":52,"column":4},"end":{"line":56,"column":37}}},"5":{"name":"constructor","line":133,"loc":{"start":{"line":133,"column":4},"end":{"line":133,"column":22}}},"6":{"name":"isCharity","line":138,"loc":{"start":{"line":138,"column":4},"end":{"line":140,"column":43}}},"7":{"name":"isSupplier","line":148,"loc":{"start":{"line":148,"column":4},"end":{"line":152,"column":5}}},"8":{"name":"isAddress","line":160,"loc":{"start":{"line":160,"column":4},"end":{"line":160,"column":68}}},"9":{"name":"addCharity","line":166,"loc":{"start":{"line":166,"column":4},"end":{"line":174,"column":38}}},"10":{"name":"requestType","line":204,"loc":{"start":{"line":204,"column":4},"end":{"line":204,"column":81}}},"11":{"name":"getCharityInfo","line":222,"loc":{"start":{"line":222,"column":4},"end":{"line":233,"column":5}}},"12":{"name":"categoryMatch","line":251,"loc":{"start":{"line":251,"column":4},"end":{"line":255,"column":5}}},"13":{"name":"addSupplier","line":259,"loc":{"start":{"line":259,"column":4},"end":{"line":265,"column":50}}},"14":{"name":"timeCheck","line":294,"loc":{"start":{"line":294,"column":4},"end":{"line":294,"column":22}}},"15":{"name":"selectCharity","line":302,"loc":{"start":{"line":302,"column":4},"end":{"line":306,"column":40}}},"16":{"name":"deliverRequest","line":324,"loc":{"start":{"line":324,"column":4},"end":{"line":328,"column":56}}},"17":{"name":"deleteRequest1","line":339,"loc":{"start":{"line":339,"column":4},"end":{"line":339,"column":57}}},"18":{"name":"deleteRequest2","line":348,"loc":{"start":{"line":348,"column":4},"end":{"line":348,"column":57}}},"19":{"name":"strConcat","line":358,"loc":{"start":{"line":358,"column":4},"end":{"line":362,"column":5}}},"20":{"name":"hashComp","line":373,"loc":{"start":{"line":373,"column":4},"end":{"line":377,"column":5}}}},"statementMap":{"1":{"start":{"line":18,"column":8},"end":{"line":18,"column":25}},"2":{"start":{"line":19,"column":8},"end":{"line":19,"column":37}},"3":{"start":{"line":20,"column":8},"end":{"line":20,"column":53}},"4":{"start":{"line":24,"column":8},"end":{"line":24,"column":796}},"5":{"start":{"line":29,"column":8},"end":{"line":29,"column":32}},"6":{"start":{"line":30,"column":8},"end":{"line":30,"column":29}},"7":{"start":{"line":31,"column":8},"end":{"line":31,"column":39}},"8":{"start":{"line":32,"column":8},"end":{"line":32,"column":19}},"9":{"start":{"line":47,"column":8},"end":{"line":47,"column":45}},"10":{"start":{"line":48,"column":8},"end":{"line":48,"column":49}},"11":{"start":{"line":49,"column":8},"end":{"line":49,"column":19}},"12":{"start":{"line":57,"column":8},"end":{"line":57,"column":64}},"13":{"start":{"line":58,"column":8},"end":{"line":58,"column":78}},"14":{"start":{"line":60,"column":8},"end":{"line":60,"column":31}},"15":{"start":{"line":61,"column":8},"end":{"line":61,"column":29}},"16":{"start":{"line":62,"column":8},"end":{"line":62,"column":43}},"17":{"start":{"line":63,"column":8},"end":{"line":63,"column":38}},"18":{"start":{"line":64,"column":8},"end":{"line":64,"column":19}},"19":{"start":{"line":135,"column":8},"end":{"line":135,"column":25}},"20":{"start":{"line":141,"column":8},"end":{"line":141,"column":50}},"21":{"start":{"line":141,"column":38},"end":{"line":141,"column":50}},"22":{"start":{"line":143,"column":8},"end":{"line":143,"column":3903}},"23":{"start":{"line":153,"column":8},"end":{"line":153,"column":51}},"24":{"start":{"line":153,"column":39},"end":{"line":153,"column":51}},"25":{"start":{"line":155,"column":8},"end":{"line":155,"column":4206}},"26":{"start":{"line":161,"column":8},"end":{"line":161,"column":50}},"27":{"start":{"line":161,"column":38},"end":{"line":161,"column":50}},"28":{"start":{"line":163,"column":8},"end":{"line":163,"column":60}},"29":{"start":{"line":175,"column":8},"end":{"line":175,"column":77}},"30":{"start":{"line":176,"column":8},"end":{"line":176,"column":62}},"31":{"start":{"line":178,"column":8},"end":{"line":178,"column":54}},"32":{"start":{"line":179,"column":8},"end":{"line":179,"column":37}},"33":{"start":{"line":180,"column":8},"end":{"line":180,"column":47}},"34":{"start":{"line":181,"column":8},"end":{"line":181,"column":47}},"35":{"start":{"line":182,"column":8},"end":{"line":182,"column":61}},"36":{"start":{"line":183,"column":8},"end":{"line":183,"column":45}},"37":{"start":{"line":184,"column":8},"end":{"line":184,"column":5190}},"38":{"start":{"line":185,"column":12},"end":{"line":185,"column":49}},"39":{"start":{"line":187,"column":12},"end":{"line":187,"column":49}},"40":{"start":{"line":189,"column":8},"end":{"line":189,"column":49}},"41":{"start":{"line":190,"column":8},"end":{"line":190,"column":46}},"42":{"start":{"line":191,"column":8},"end":{"line":191,"column":72}},"43":{"start":{"line":192,"column":8},"end":{"line":192,"column":5528}},"44":{"start":{"line":201,"column":8},"end":{"line":201,"column":38}},"45":{"start":{"line":205,"column":8},"end":{"line":205,"column":5898}},"46":{"start":{"line":206,"column":12},"end":{"line":206,"column":25}},"47":{"start":{"line":207,"column":15},"end":{"line":207,"column":5992}},"48":{"start":{"line":208,"column":12},"end":{"line":208,"column":29}},"49":{"start":{"line":209,"column":15},"end":{"line":209,"column":6094}},"50":{"start":{"line":210,"column":12},"end":{"line":210,"column":30}},"51":{"start":{"line":211,"column":15},"end":{"line":211,"column":6198}},"52":{"start":{"line":212,"column":12},"end":{"line":212,"column":30}},"53":{"start":{"line":213,"column":15},"end":{"line":213,"column":6302}},"54":{"start":{"line":214,"column":12},"end":{"line":214,"column":30}},"55":{"start":{"line":215,"column":15},"end":{"line":215,"column":6411}},"56":{"start":{"line":216,"column":12},"end":{"line":216,"column":28}},"57":{"start":{"line":217,"column":15},"end":{"line":217,"column":6511}},"58":{"start":{"line":218,"column":12},"end":{"line":218,"column":28}},"59":{"start":{"line":234,"column":8},"end":{"line":234,"column":74}},"60":{"start":{"line":236,"column":8},"end":{"line":236,"column":7024}},"61":{"start":{"line":237,"column":12},"end":{"line":237,"column":46}},"62":{"start":{"line":240,"column":8},"end":{"line":240,"column":7114}},"63":{"start":{"line":256,"column":8},"end":{"line":256,"column":42}},"64":{"start":{"line":266,"column":8},"end":{"line":266,"column":75}},"65":{"start":{"line":267,"column":8},"end":{"line":267,"column":62}},"66":{"start":{"line":268,"column":8},"end":{"line":268,"column":54}},"67":{"start":{"line":269,"column":8},"end":{"line":269,"column":34}},"68":{"start":{"line":270,"column":8},"end":{"line":270,"column":57}},"69":{"start":{"line":271,"column":8},"end":{"line":271,"column":44}},"70":{"start":{"line":272,"column":8},"end":{"line":272,"column":58}},"71":{"start":{"line":273,"column":8},"end":{"line":273,"column":46}},"72":{"start":{"line":274,"column":8},"end":{"line":274,"column":67}},"73":{"start":{"line":276,"column":8},"end":{"line":276,"column":29}},"74":{"start":{"line":278,"column":8},"end":{"line":278,"column":8365}},"75":{"start":{"line":279,"column":12},"end":{"line":279,"column":8433}},"76":{"start":{"line":280,"column":16},"end":{"line":280,"column":60}},"77":{"start":{"line":281,"column":16},"end":{"line":281,"column":48}},"78":{"start":{"line":285,"column":8},"end":{"line":285,"column":8627}},"79":{"start":{"line":291,"column":8},"end":{"line":291,"column":22}},"80":{"start":{"line":295,"column":8},"end":{"line":295,"column":8828}},"81":{"start":{"line":307,"column":8},"end":{"line":307,"column":9130}},"82":{"start":{"line":311,"column":8},"end":{"line":311,"column":9275}},"83":{"start":{"line":315,"column":8},"end":{"line":315,"column":9428}},"84":{"start":{"line":319,"column":8},"end":{"line":319,"column":34}},"85":{"start":{"line":320,"column":8},"end":{"line":320,"column":36}},"86":{"start":{"line":321,"column":8},"end":{"line":321,"column":49}},"87":{"start":{"line":329,"column":8},"end":{"line":329,"column":9864}},"88":{"start":{"line":333,"column":8},"end":{"line":333,"column":59}},"89":{"start":{"line":334,"column":8},"end":{"line":334,"column":30}},"90":{"start":{"line":335,"column":8},"end":{"line":335,"column":30}},"91":{"start":{"line":336,"column":8},"end":{"line":336,"column":19}},"92":{"start":{"line":340,"column":8},"end":{"line":340,"column":74}},"93":{"start":{"line":341,"column":8},"end":{"line":341,"column":68}},"94":{"start":{"line":342,"column":8},"end":{"line":342,"column":65}},"95":{"start":{"line":343,"column":8},"end":{"line":343,"column":44}},"96":{"start":{"line":344,"column":8},"end":{"line":344,"column":47}},"97":{"start":{"line":349,"column":8},"end":{"line":349,"column":74}},"98":{"start":{"line":350,"column":8},"end":{"line":350,"column":54}},"99":{"start":{"line":351,"column":8},"end":{"line":351,"column":71}},"100":{"start":{"line":352,"column":8},"end":{"line":352,"column":44}},"101":{"start":{"line":353,"column":8},"end":{"line":353,"column":47}},"102":{"start":{"line":355,"column":8},"end":{"line":355,"column":57}},"103":{"start":{"line":363,"column":8},"end":{"line":363,"column":36}},"104":{"start":{"line":364,"column":8},"end":{"line":364,"column":36}},"105":{"start":{"line":365,"column":8},"end":{"line":365,"column":62}},"106":{"start":{"line":366,"column":8},"end":{"line":366,"column":36}},"107":{"start":{"line":367,"column":8},"end":{"line":367,"column":21}},"108":{"start":{"line":368,"column":8},"end":{"line":368,"column":66}},"109":{"start":{"line":368,"column":49},"end":{"line":368,"column":65}},"110":{"start":{"line":369,"column":8},"end":{"line":369,"column":66}},"111":{"start":{"line":369,"column":49},"end":{"line":369,"column":65}},"112":{"start":{"line":370,"column":8},"end":{"line":370,"column":26}},"113":{"start":{"line":378,"column":8},"end":{"line":378,"column":11657}},"114":{"start":{"line":379,"column":12},"end":{"line":379,"column":24}},"115":{"start":{"line":381,"column":12},"end":{"line":381,"column":61}}},"branchMap":{"1":{"line":24,"type":"if","locations":[{"start":{"line":24,"column":8},"end":{"line":24,"column":8}},{"start":{"line":24,"column":8},"end":{"line":24,"column":8}}]},"2":{"line":57,"type":"if","locations":[{"start":{"line":57,"column":8},"end":{"line":57,"column":8}},{"start":{"line":57,"column":8},"end":{"line":57,"column":8}}]},"3":{"line":58,"type":"if","locations":[{"start":{"line":58,"column":8},"end":{"line":58,"column":8}},{"start":{"line":58,"column":8},"end":{"line":58,"column":8}}]},"4":{"line":141,"type":"if","locations":[{"start":{"line":141,"column":8},"end":{"line":141,"column":8}},{"start":{"line":141,"column":8},"end":{"line":141,"column":8}}]},"5":{"line":153,"type":"if","locations":[{"start":{"line":153,"column":8},"end":{"line":153,"column":8}},{"start":{"line":153,"column":8},"end":{"line":153,"column":8}}]},"6":{"line":161,"type":"if","locations":[{"start":{"line":161,"column":8},"end":{"line":161,"column":8}},{"start":{"line":161,"column":8},"end":{"line":161,"column":8}}]},"7":{"line":175,"type":"if","locations":[{"start":{"line":175,"column":8},"end":{"line":175,"column":8}},{"start":{"line":175,"column":8},"end":{"line":175,"column":8}}]},"8":{"line":176,"type":"if","locations":[{"start":{"line":176,"column":8},"end":{"line":176,"column":8}},{"start":{"line":176,"column":8},"end":{"line":176,"column":8}}]},"9":{"line":184,"type":"if","locations":[{"start":{"line":184,"column":8},"end":{"line":184,"column":8}},{"start":{"line":184,"column":8},"end":{"line":184,"column":8}}]},"10":{"line":205,"type":"if","locations":[{"start":{"line":205,"column":8},"end":{"line":205,"column":8}},{"start":{"line":205,"column":8},"end":{"line":205,"column":8}}]},"11":{"line":207,"type":"if","locations":[{"start":{"line":207,"column":15},"end":{"line":207,"column":15}},{"start":{"line":207,"column":15},"end":{"line":207,"column":15}}]},"12":{"line":209,"type":"if","locations":[{"start":{"line":209,"column":15},"end":{"line":209,"column":15}},{"start":{"line":209,"column":15},"end":{"line":209,"column":15}}]},"13":{"line":211,"type":"if","locations":[{"start":{"line":211,"column":15},"end":{"line":211,"column":15}},{"start":{"line":211,"column":15},"end":{"line":211,"column":15}}]},"14":{"line":213,"type":"if","locations":[{"start":{"line":213,"column":15},"end":{"line":213,"column":15}},{"start":{"line":213,"column":15},"end":{"line":213,"column":15}}]},"15":{"line":215,"type":"if","locations":[{"start":{"line":215,"column":15},"end":{"line":215,"column":15}},{"start":{"line":215,"column":15},"end":{"line":215,"column":15}}]},"16":{"line":217,"type":"if","locations":[{"start":{"line":217,"column":15},"end":{"line":217,"column":15}},{"start":{"line":217,"column":15},"end":{"line":217,"column":15}}]},"17":{"line":234,"type":"if","locations":[{"start":{"line":234,"column":8},"end":{"line":234,"column":8}},{"start":{"line":234,"column":8},"end":{"line":234,"column":8}}]},"18":{"line":236,"type":"if","locations":[{"start":{"line":236,"column":8},"end":{"line":236,"column":8}},{"start":{"line":236,"column":8},"end":{"line":236,"column":8}}]},"19":{"line":266,"type":"if","locations":[{"start":{"line":266,"column":8},"end":{"line":266,"column":8}},{"start":{"line":266,"column":8},"end":{"line":266,"column":8}}]},"20":{"line":267,"type":"if","locations":[{"start":{"line":267,"column":8},"end":{"line":267,"column":8}},{"start":{"line":267,"column":8},"end":{"line":267,"column":8}}]},"21":{"line":279,"type":"if","locations":[{"start":{"line":279,"column":12},"end":{"line":279,"column":12}},{"start":{"line":279,"column":12},"end":{"line":279,"column":12}}]},"22":{"line":295,"type":"if","locations":[{"start":{"line":295,"column":8},"end":{"line":295,"column":8}},{"start":{"line":295,"column":8},"end":{"line":295,"column":8}}]},"23":{"line":307,"type":"if","locations":[{"start":{"line":307,"column":8},"end":{"line":307,"column":8}},{"start":{"line":307,"column":8},"end":{"line":307,"column":8}}]},"24":{"line":311,"type":"if","locations":[{"start":{"line":311,"column":8},"end":{"line":311,"column":8}},{"start":{"line":311,"column":8},"end":{"line":311,"column":8}}]},"25":{"line":315,"type":"if","locations":[{"start":{"line":315,"column":8},"end":{"line":315,"column":8}},{"start":{"line":315,"column":8},"end":{"line":315,"column":8}}]},"26":{"line":329,"type":"if","locations":[{"start":{"line":329,"column":8},"end":{"line":329,"column":8}},{"start":{"line":329,"column":8},"end":{"line":329,"column":8}}]},"27":{"line":340,"type":"if","locations":[{"start":{"line":340,"column":8},"end":{"line":340,"column":8}},{"start":{"line":340,"column":8},"end":{"line":340,"column":8}}]},"28":{"line":349,"type":"if","locations":[{"start":{"line":349,"column":8},"end":{"line":349,"column":8}},{"start":{"line":349,"column":8},"end":{"line":349,"column":8}}]},"29":{"line":378,"type":"if","locations":[{"start":{"line":378,"column":8},"end":{"line":378,"column":8}},{"start":{"line":378,"column":8},"end":{"line":378,"column":8}}]}}}}
