{
"contracts/Charity.sol":{"l":{"18":6,"19":6,"20":6,"24":2,"29":2,"30":2,"31":2,"32":2,"47":3,"48":3,"49":3,"57":0,"58":0,"60":0,"61":0,"62":0,"63":0,"64":0,"135":3,"141":6,"143":5,"153":2,"155":1,"161":4,"163":3,"175":1,"176":1,"178":1,"179":1,"180":1,"181":1,"182":1,"183":1,"184":1,"185":1,"187":0,"189":1,"190":1,"191":1,"192":1,"201":1,"216":1,"217":1,"218":1,"220":1,"236":2,"246":1,"247":1,"248":1,"249":1,"250":1,"251":1,"252":1,"253":1,"254":1,"256":1,"258":1,"259":1,"260":1,"261":1,"265":1,"271":1,"275":1,"279":1,"287":1,"291":1,"295":1,"299":1,"300":1,"301":1,"309":1,"313":1,"314":1,"315":1,"316":1,"317":1,"321":1,"322":1,"323":1,"324":1,"325":1,"326":1,"330":1,"331":1,"332":1,"333":1,"334":1,"335":1,"336":1,"344":2,"345":2,"346":2,"347":2,"348":2,"349":2,"350":2,"351":2,"359":1,"360":0,"362":1},"path":"/Users/Beth/Charity/contracts/Charity.sol","s":{"1":6,"2":6,"3":6,"4":2,"5":2,"6":2,"7":2,"8":2,"9":3,"10":3,"11":3,"12":0,"13":0,"14":0,"15":0,"16":0,"17":0,"18":0,"19":3,"20":6,"21":1,"22":5,"23":2,"24":1,"25":1,"26":4,"27":1,"28":3,"29":1,"30":1,"31":1,"32":1,"33":1,"34":1,"35":1,"36":1,"37":1,"38":1,"39":0,"40":1,"41":1,"42":1,"43":1,"44":1,"45":1,"46":1,"47":1,"48":1,"49":2,"50":1,"51":1,"52":1,"53":1,"54":1,"55":1,"56":1,"57":1,"58":1,"59":1,"60":1,"61":1,"62":1,"63":1,"64":1,"65":1,"66":1,"67":1,"68":1,"69":1,"70":1,"71":1,"72":1,"73":1,"74":1,"75":1,"76":1,"77":1,"78":1,"79":1,"80":1,"81":1,"82":1,"83":1,"84":1,"85":1,"86":1,"87":1,"88":1,"89":1,"90":2,"91":2,"92":2,"93":2,"94":2,"95":2,"96":10,"97":2,"98":12,"99":2,"100":1,"101":0,"102":1},"b":{"1":[2,0],"2":[0,0],"3":[0,0],"4":[1,5],"5":[1,1],"6":[1,3],"7":[1,0],"8":[1,0],"9":[1,0],"10":[1,0],"11":[1,0],"12":[1,0],"13":[1,0],"14":[1,0],"15":[1,0],"16":[1,0],"17":[1,0],"18":[1,0],"19":[1,0],"20":[1,0],"21":[1,0],"22":[0,1]},"f":{"1":6,"2":2,"3":3,"4":0,"5":3,"6":6,"7":2,"8":4,"9":1,"10":1,"11":2,"12":1,"13":1,"14":1,"15":1,"16":1,"17":1,"18":2,"19":1},"fnMap":{"1":{"name":"constructor","line":16,"loc":{"start":{"line":16,"column":4},"end":{"line":21,"column":4}}},"2":{"name":"transfer","line":23,"loc":{"start":{"line":23,"column":4},"end":{"line":33,"column":4}}},"3":{"name":"approve","line":43,"loc":{"start":{"line":43,"column":4},"end":{"line":50,"column":4}}},"4":{"name":"transferFrom","line":52,"loc":{"start":{"line":52,"column":4},"end":{"line":65,"column":4}}},"5":{"name":"constructor","line":133,"loc":{"start":{"line":133,"column":4},"end":{"line":136,"column":4}}},"6":{"name":"isCharity","line":138,"loc":{"start":{"line":138,"column":4},"end":{"line":146,"column":4}}},"7":{"name":"isSupplier","line":148,"loc":{"start":{"line":148,"column":4},"end":{"line":158,"column":4}}},"8":{"name":"isAddress","line":160,"loc":{"start":{"line":160,"column":4},"end":{"line":164,"column":4}}},"9":{"name":"addCharity","line":166,"loc":{"start":{"line":166,"column":4},"end":{"line":202,"column":4}}},"10":{"name":"getCharityInfo","line":204,"loc":{"start":{"line":204,"column":4},"end":{"line":229,"column":4}}},"11":{"name":"categoryMatch","line":231,"loc":{"start":{"line":231,"column":4},"end":{"line":237,"column":4}}},"12":{"name":"addSupplier","line":239,"loc":{"start":{"line":239,"column":4},"end":{"line":272,"column":4}}},"13":{"name":"timeCheck","line":274,"loc":{"start":{"line":274,"column":4},"end":{"line":280,"column":4}}},"14":{"name":"selectCharity","line":282,"loc":{"start":{"line":282,"column":4},"end":{"line":302,"column":4}}},"15":{"name":"deliverRequest","line":308,"loc":{"start":{"line":304,"column":4},"end":{"line":318,"column":4}}},"16":{"name":"deleteRequest1","line":320,"loc":{"start":{"line":320,"column":4},"end":{"line":327,"column":4}}},"17":{"name":"deleteRequest2","line":329,"loc":{"start":{"line":329,"column":4},"end":{"line":337,"column":4}}},"18":{"name":"strConcat","line":339,"loc":{"start":{"line":339,"column":4},"end":{"line":352,"column":4}}},"19":{"name":"hashComp","line":354,"loc":{"start":{"line":354,"column":4},"end":{"line":364,"column":4}}}},"statementMap":{"1":{"start":{"line":18,"column":8},"end":{"line":18,"column":25}},"2":{"start":{"line":19,"column":8},"end":{"line":19,"column":37}},"3":{"start":{"line":20,"column":8},"end":{"line":20,"column":53}},"4":{"start":{"line":24,"column":8},"end":{"line":24,"column":796}},"5":{"start":{"line":29,"column":8},"end":{"line":29,"column":32}},"6":{"start":{"line":30,"column":8},"end":{"line":30,"column":29}},"7":{"start":{"line":31,"column":8},"end":{"line":31,"column":39}},"8":{"start":{"line":32,"column":8},"end":{"line":32,"column":19}},"9":{"start":{"line":47,"column":8},"end":{"line":47,"column":45}},"10":{"start":{"line":48,"column":8},"end":{"line":48,"column":49}},"11":{"start":{"line":49,"column":8},"end":{"line":49,"column":19}},"12":{"start":{"line":57,"column":8},"end":{"line":57,"column":64}},"13":{"start":{"line":58,"column":8},"end":{"line":58,"column":78}},"14":{"start":{"line":60,"column":8},"end":{"line":60,"column":31}},"15":{"start":{"line":61,"column":8},"end":{"line":61,"column":29}},"16":{"start":{"line":62,"column":8},"end":{"line":62,"column":43}},"17":{"start":{"line":63,"column":8},"end":{"line":63,"column":38}},"18":{"start":{"line":64,"column":8},"end":{"line":64,"column":19}},"19":{"start":{"line":135,"column":8},"end":{"line":135,"column":25}},"20":{"start":{"line":141,"column":8},"end":{"line":141,"column":50}},"21":{"start":{"line":141,"column":38},"end":{"line":141,"column":50}},"22":{"start":{"line":143,"column":8},"end":{"line":143,"column":3899}},"23":{"start":{"line":153,"column":8},"end":{"line":153,"column":51}},"24":{"start":{"line":153,"column":39},"end":{"line":153,"column":51}},"25":{"start":{"line":155,"column":8},"end":{"line":155,"column":4202}},"26":{"start":{"line":161,"column":8},"end":{"line":161,"column":50}},"27":{"start":{"line":161,"column":38},"end":{"line":161,"column":50}},"28":{"start":{"line":163,"column":8},"end":{"line":163,"column":60}},"29":{"start":{"line":175,"column":8},"end":{"line":175,"column":77}},"30":{"start":{"line":176,"column":8},"end":{"line":176,"column":62}},"31":{"start":{"line":178,"column":8},"end":{"line":178,"column":54}},"32":{"start":{"line":179,"column":8},"end":{"line":179,"column":37}},"33":{"start":{"line":180,"column":8},"end":{"line":180,"column":47}},"34":{"start":{"line":181,"column":8},"end":{"line":181,"column":47}},"35":{"start":{"line":182,"column":8},"end":{"line":182,"column":61}},"36":{"start":{"line":183,"column":8},"end":{"line":183,"column":45}},"37":{"start":{"line":184,"column":8},"end":{"line":184,"column":5186}},"38":{"start":{"line":185,"column":12},"end":{"line":185,"column":49}},"39":{"start":{"line":187,"column":12},"end":{"line":187,"column":49}},"40":{"start":{"line":189,"column":8},"end":{"line":189,"column":49}},"41":{"start":{"line":190,"column":8},"end":{"line":190,"column":46}},"42":{"start":{"line":191,"column":8},"end":{"line":191,"column":72}},"43":{"start":{"line":192,"column":8},"end":{"line":192,"column":5524}},"44":{"start":{"line":201,"column":8},"end":{"line":201,"column":38}},"45":{"start":{"line":216,"column":8},"end":{"line":216,"column":74}},"46":{"start":{"line":217,"column":8},"end":{"line":217,"column":6205}},"47":{"start":{"line":218,"column":12},"end":{"line":218,"column":46}},"48":{"start":{"line":220,"column":8},"end":{"line":220,"column":6324}},"49":{"start":{"line":236,"column":8},"end":{"line":236,"column":42}},"50":{"start":{"line":246,"column":8},"end":{"line":246,"column":75}},"51":{"start":{"line":247,"column":8},"end":{"line":247,"column":62}},"52":{"start":{"line":248,"column":8},"end":{"line":248,"column":54}},"53":{"start":{"line":249,"column":8},"end":{"line":249,"column":34}},"54":{"start":{"line":250,"column":8},"end":{"line":250,"column":57}},"55":{"start":{"line":251,"column":8},"end":{"line":251,"column":44}},"56":{"start":{"line":252,"column":8},"end":{"line":252,"column":58}},"57":{"start":{"line":253,"column":8},"end":{"line":253,"column":46}},"58":{"start":{"line":254,"column":8},"end":{"line":254,"column":67}},"59":{"start":{"line":256,"column":8},"end":{"line":256,"column":29}},"60":{"start":{"line":258,"column":8},"end":{"line":258,"column":7582}},"61":{"start":{"line":259,"column":12},"end":{"line":259,"column":7650}},"62":{"start":{"line":260,"column":16},"end":{"line":260,"column":60}},"63":{"start":{"line":261,"column":16},"end":{"line":261,"column":49}},"64":{"start":{"line":265,"column":8},"end":{"line":265,"column":7845}},"65":{"start":{"line":271,"column":8},"end":{"line":271,"column":22}},"66":{"start":{"line":275,"column":8},"end":{"line":275,"column":8067}},"67":{"start":{"line":287,"column":8},"end":{"line":287,"column":8399}},"68":{"start":{"line":291,"column":8},"end":{"line":291,"column":8544}},"69":{"start":{"line":295,"column":8},"end":{"line":295,"column":8697}},"70":{"start":{"line":299,"column":8},"end":{"line":299,"column":63}},"71":{"start":{"line":300,"column":8},"end":{"line":300,"column":36}},"72":{"start":{"line":301,"column":8},"end":{"line":301,"column":49}},"73":{"start":{"line":309,"column":8},"end":{"line":309,"column":9171}},"74":{"start":{"line":313,"column":8},"end":{"line":313,"column":80}},"75":{"start":{"line":314,"column":8},"end":{"line":314,"column":35}},"76":{"start":{"line":315,"column":8},"end":{"line":315,"column":30}},"77":{"start":{"line":316,"column":8},"end":{"line":316,"column":30}},"78":{"start":{"line":317,"column":8},"end":{"line":317,"column":19}},"79":{"start":{"line":321,"column":8},"end":{"line":321,"column":74}},"80":{"start":{"line":322,"column":8},"end":{"line":322,"column":68}},"81":{"start":{"line":323,"column":8},"end":{"line":323,"column":65}},"82":{"start":{"line":324,"column":8},"end":{"line":324,"column":44}},"83":{"start":{"line":325,"column":8},"end":{"line":325,"column":47}},"84":{"start":{"line":330,"column":8},"end":{"line":330,"column":74}},"85":{"start":{"line":331,"column":8},"end":{"line":331,"column":54}},"86":{"start":{"line":332,"column":8},"end":{"line":332,"column":71}},"87":{"start":{"line":333,"column":8},"end":{"line":333,"column":44}},"88":{"start":{"line":334,"column":8},"end":{"line":334,"column":47}},"89":{"start":{"line":336,"column":8},"end":{"line":336,"column":57}},"90":{"start":{"line":344,"column":8},"end":{"line":344,"column":36}},"91":{"start":{"line":345,"column":8},"end":{"line":345,"column":36}},"92":{"start":{"line":346,"column":8},"end":{"line":346,"column":62}},"93":{"start":{"line":347,"column":8},"end":{"line":347,"column":36}},"94":{"start":{"line":348,"column":8},"end":{"line":348,"column":21}},"95":{"start":{"line":349,"column":8},"end":{"line":349,"column":66}},"96":{"start":{"line":349,"column":49},"end":{"line":349,"column":65}},"97":{"start":{"line":350,"column":8},"end":{"line":350,"column":66}},"98":{"start":{"line":350,"column":49},"end":{"line":350,"column":65}},"99":{"start":{"line":351,"column":8},"end":{"line":351,"column":26}},"100":{"start":{"line":359,"column":8},"end":{"line":359,"column":11022}},"101":{"start":{"line":360,"column":12},"end":{"line":360,"column":24}},"102":{"start":{"line":362,"column":12},"end":{"line":362,"column":61}}},"branchMap":{"1":{"line":24,"type":"if","locations":[{"start":{"line":24,"column":8},"end":{"line":24,"column":8}},{"start":{"line":24,"column":8},"end":{"line":24,"column":8}}]},"2":{"line":57,"type":"if","locations":[{"start":{"line":57,"column":8},"end":{"line":57,"column":8}},{"start":{"line":57,"column":8},"end":{"line":57,"column":8}}]},"3":{"line":58,"type":"if","locations":[{"start":{"line":58,"column":8},"end":{"line":58,"column":8}},{"start":{"line":58,"column":8},"end":{"line":58,"column":8}}]},"4":{"line":141,"type":"if","locations":[{"start":{"line":141,"column":8},"end":{"line":141,"column":8}},{"start":{"line":141,"column":8},"end":{"line":141,"column":8}}]},"5":{"line":153,"type":"if","locations":[{"start":{"line":153,"column":8},"end":{"line":153,"column":8}},{"start":{"line":153,"column":8},"end":{"line":153,"column":8}}]},"6":{"line":161,"type":"if","locations":[{"start":{"line":161,"column":8},"end":{"line":161,"column":8}},{"start":{"line":161,"column":8},"end":{"line":161,"column":8}}]},"7":{"line":175,"type":"if","locations":[{"start":{"line":175,"column":8},"end":{"line":175,"column":8}},{"start":{"line":175,"column":8},"end":{"line":175,"column":8}}]},"8":{"line":176,"type":"if","locations":[{"start":{"line":176,"column":8},"end":{"line":176,"column":8}},{"start":{"line":176,"column":8},"end":{"line":176,"column":8}}]},"9":{"line":184,"type":"if","locations":[{"start":{"line":184,"column":8},"end":{"line":184,"column":8}},{"start":{"line":184,"column":8},"end":{"line":184,"column":8}}]},"10":{"line":216,"type":"if","locations":[{"start":{"line":216,"column":8},"end":{"line":216,"column":8}},{"start":{"line":216,"column":8},"end":{"line":216,"column":8}}]},"11":{"line":217,"type":"if","locations":[{"start":{"line":217,"column":8},"end":{"line":217,"column":8}},{"start":{"line":217,"column":8},"end":{"line":217,"column":8}}]},"12":{"line":246,"type":"if","locations":[{"start":{"line":246,"column":8},"end":{"line":246,"column":8}},{"start":{"line":246,"column":8},"end":{"line":246,"column":8}}]},"13":{"line":247,"type":"if","locations":[{"start":{"line":247,"column":8},"end":{"line":247,"column":8}},{"start":{"line":247,"column":8},"end":{"line":247,"column":8}}]},"14":{"line":259,"type":"if","locations":[{"start":{"line":259,"column":12},"end":{"line":259,"column":12}},{"start":{"line":259,"column":12},"end":{"line":259,"column":12}}]},"15":{"line":275,"type":"if","locations":[{"start":{"line":275,"column":8},"end":{"line":275,"column":8}},{"start":{"line":275,"column":8},"end":{"line":275,"column":8}}]},"16":{"line":287,"type":"if","locations":[{"start":{"line":287,"column":8},"end":{"line":287,"column":8}},{"start":{"line":287,"column":8},"end":{"line":287,"column":8}}]},"17":{"line":291,"type":"if","locations":[{"start":{"line":291,"column":8},"end":{"line":291,"column":8}},{"start":{"line":291,"column":8},"end":{"line":291,"column":8}}]},"18":{"line":295,"type":"if","locations":[{"start":{"line":295,"column":8},"end":{"line":295,"column":8}},{"start":{"line":295,"column":8},"end":{"line":295,"column":8}}]},"19":{"line":309,"type":"if","locations":[{"start":{"line":309,"column":8},"end":{"line":309,"column":8}},{"start":{"line":309,"column":8},"end":{"line":309,"column":8}}]},"20":{"line":321,"type":"if","locations":[{"start":{"line":321,"column":8},"end":{"line":321,"column":8}},{"start":{"line":321,"column":8},"end":{"line":321,"column":8}}]},"21":{"line":330,"type":"if","locations":[{"start":{"line":330,"column":8},"end":{"line":330,"column":8}},{"start":{"line":330,"column":8},"end":{"line":330,"column":8}}]},"22":{"line":359,"type":"if","locations":[{"start":{"line":359,"column":8},"end":{"line":359,"column":8}},{"start":{"line":359,"column":8},"end":{"line":359,"column":8}}]}}}}
