TN:
SF:/Users/Beth/Charity/contracts/Charity.sol
FN:16,constructor
FN:23,transfer
FN:43,approve
FN:52,transferFrom
FN:133,constructor
FN:138,isCharity
FN:148,isSupplier
FN:160,isAddress
FN:166,addCharity
FN:204,requestType
FN:222,getCharityInfo
FN:251,categoryMatch
FN:259,addSupplier
FN:294,timeCheck
FN:302,selectCharity
FN:324,deliverRequest
FN:339,deleteRequest1
FN:348,deleteRequest2
FN:358,strConcat
FN:373,hashComp
FNF:20
FNH:19
FNDA:6,constructor
FNDA:2,transfer
FNDA:3,approve
FNDA:0,transferFrom
FNDA:3,constructor
FNDA:6,isCharity
FNDA:2,isSupplier
FNDA:4,isAddress
FNDA:1,addCharity
FNDA:1,requestType
FNDA:1,getCharityInfo
FNDA:2,categoryMatch
FNDA:1,addSupplier
FNDA:1,timeCheck
FNDA:1,selectCharity
FNDA:1,deliverRequest
FNDA:1,deleteRequest1
FNDA:1,deleteRequest2
FNDA:2,strConcat
FNDA:1,hashComp
DA:18,6
DA:19,6
DA:20,6
DA:24,2
DA:29,2
DA:30,2
DA:31,2
DA:32,2
DA:47,3
DA:48,3
DA:49,3
DA:57,0
DA:58,0
DA:60,0
DA:61,0
DA:62,0
DA:63,0
DA:64,0
DA:135,3
DA:141,6
DA:143,5
DA:153,2
DA:155,1
DA:161,4
DA:163,3
DA:175,1
DA:176,1
DA:178,1
DA:179,1
DA:180,1
DA:181,1
DA:182,1
DA:183,1
DA:184,1
DA:185,1
DA:187,0
DA:189,1
DA:190,1
DA:191,1
DA:192,1
DA:201,1
DA:205,1
DA:206,0
DA:208,1
DA:210,0
DA:212,0
DA:214,0
DA:216,0
DA:218,0
DA:234,1
DA:236,1
DA:237,1
DA:240,1
DA:256,2
DA:266,1
DA:267,1
DA:268,1
DA:269,1
DA:270,1
DA:271,1
DA:272,1
DA:273,1
DA:274,1
DA:276,1
DA:278,1
DA:279,1
DA:280,1
DA:281,1
DA:285,1
DA:291,1
DA:295,1
DA:299,1
DA:307,1
DA:311,1
DA:315,1
DA:319,1
DA:320,1
DA:321,1
DA:329,1
DA:333,1
DA:334,1
DA:335,1
DA:336,1
DA:340,1
DA:341,1
DA:342,1
DA:343,1
DA:344,1
DA:345,1
DA:349,1
DA:350,1
DA:351,1
DA:352,1
DA:353,1
DA:354,1
DA:355,1
DA:363,2
DA:364,2
DA:365,2
DA:366,2
DA:367,2
DA:368,2
DA:369,2
DA:370,2
DA:378,1
DA:379,0
DA:381,1
LF:107
LH:92
BRDA:24,1,0,2
BRDA:24,1,1,0
BRDA:57,2,0,0
BRDA:57,2,1,0
BRDA:58,3,0,0
BRDA:58,3,1,0
BRDA:141,4,0,1
BRDA:141,4,1,5
BRDA:153,5,0,1
BRDA:153,5,1,1
BRDA:161,6,0,1
BRDA:161,6,1,3
BRDA:175,7,0,1
BRDA:175,7,1,0
BRDA:176,8,0,1
BRDA:176,8,1,0
BRDA:184,9,0,1
BRDA:184,9,1,0
BRDA:205,10,0,0
BRDA:205,10,1,1
BRDA:207,11,0,1
BRDA:207,11,1,0
BRDA:209,12,0,0
BRDA:209,12,1,0
BRDA:211,13,0,0
BRDA:211,13,1,0
BRDA:213,14,0,0
BRDA:213,14,1,0
BRDA:215,15,0,0
BRDA:215,15,1,0
BRDA:217,16,0,0
BRDA:217,16,1,0
BRDA:234,17,0,1
BRDA:234,17,1,0
BRDA:236,18,0,1
BRDA:236,18,1,0
BRDA:266,19,0,1
BRDA:266,19,1,0
BRDA:267,20,0,1
BRDA:267,20,1,0
BRDA:279,21,0,1
BRDA:279,21,1,0
BRDA:295,22,0,1
BRDA:295,22,1,0
BRDA:307,23,0,1
BRDA:307,23,1,0
BRDA:311,24,0,1
BRDA:311,24,1,0
BRDA:315,25,0,1
BRDA:315,25,1,0
BRDA:329,26,0,1
BRDA:329,26,1,0
BRDA:340,27,0,1
BRDA:340,27,1,0
BRDA:349,28,0,1
BRDA:349,28,1,0
BRDA:378,29,0,0
BRDA:378,29,1,1
BRF:58
BRH:25
end_of_record
