TN:
SF:/Users/Beth/Charity/contracts/Charity.sol
FN:16,constructor
FN:23,transfer
FN:43,approve
FN:52,transferFrom
FN:133,constructor
FN:138,isCharity
FN:148,isSupplier
FN:160,isAddress
FN:166,addCharity
FN:204,getCharityInfo
FN:231,categoryMatch
FN:239,addSupplier
FN:274,timeCheck
FN:282,selectCharity
FN:308,deliverRequest
FN:320,deleteRequest1
FN:329,deleteRequest2
FN:339,strConcat
FN:354,hashComp
FNF:19
FNH:18
FNDA:6,constructor
FNDA:2,transfer
FNDA:3,approve
FNDA:0,transferFrom
FNDA:3,constructor
FNDA:6,isCharity
FNDA:2,isSupplier
FNDA:4,isAddress
FNDA:1,addCharity
FNDA:1,getCharityInfo
FNDA:2,categoryMatch
FNDA:1,addSupplier
FNDA:1,timeCheck
FNDA:1,selectCharity
FNDA:1,deliverRequest
FNDA:1,deleteRequest1
FNDA:1,deleteRequest2
FNDA:2,strConcat
FNDA:1,hashComp
DA:18,6
DA:19,6
DA:20,6
DA:24,2
DA:29,2
DA:30,2
DA:31,2
DA:32,2
DA:47,3
DA:48,3
DA:49,3
DA:57,0
DA:58,0
DA:60,0
DA:61,0
DA:62,0
DA:63,0
DA:64,0
DA:135,3
DA:141,6
DA:143,5
DA:153,2
DA:155,1
DA:161,4
DA:163,3
DA:175,1
DA:176,1
DA:178,1
DA:179,1
DA:180,1
DA:181,1
DA:182,1
DA:183,1
DA:184,1
DA:185,1
DA:187,0
DA:189,1
DA:190,1
DA:191,1
DA:192,1
DA:201,1
DA:216,1
DA:217,1
DA:218,1
DA:220,1
DA:236,2
DA:246,1
DA:247,1
DA:248,1
DA:249,1
DA:250,1
DA:251,1
DA:252,1
DA:253,1
DA:254,1
DA:256,1
DA:258,1
DA:259,1
DA:260,1
DA:261,1
DA:265,1
DA:271,1
DA:275,1
DA:279,1
DA:287,1
DA:291,1
DA:295,1
DA:299,1
DA:300,1
DA:301,1
DA:309,1
DA:313,1
DA:314,1
DA:315,1
DA:316,1
DA:317,1
DA:321,1
DA:322,1
DA:323,1
DA:324,1
DA:325,1
DA:326,1
DA:330,1
DA:331,1
DA:332,1
DA:333,1
DA:334,1
DA:335,1
DA:336,1
DA:344,2
DA:345,2
DA:346,2
DA:347,2
DA:348,2
DA:349,2
DA:350,2
DA:351,2
DA:359,1
DA:360,0
DA:362,1
LF:100
LH:91
BRDA:24,1,0,2
BRDA:24,1,1,0
BRDA:57,2,0,0
BRDA:57,2,1,0
BRDA:58,3,0,0
BRDA:58,3,1,0
BRDA:141,4,0,1
BRDA:141,4,1,5
BRDA:153,5,0,1
BRDA:153,5,1,1
BRDA:161,6,0,1
BRDA:161,6,1,3
BRDA:175,7,0,1
BRDA:175,7,1,0
BRDA:176,8,0,1
BRDA:176,8,1,0
BRDA:184,9,0,1
BRDA:184,9,1,0
BRDA:216,10,0,1
BRDA:216,10,1,0
BRDA:217,11,0,1
BRDA:217,11,1,0
BRDA:246,12,0,1
BRDA:246,12,1,0
BRDA:247,13,0,1
BRDA:247,13,1,0
BRDA:259,14,0,1
BRDA:259,14,1,0
BRDA:275,15,0,1
BRDA:275,15,1,0
BRDA:287,16,0,1
BRDA:287,16,1,0
BRDA:291,17,0,1
BRDA:291,17,1,0
BRDA:295,18,0,1
BRDA:295,18,1,0
BRDA:309,19,0,1
BRDA:309,19,1,0
BRDA:321,20,0,1
BRDA:321,20,1,0
BRDA:330,21,0,1
BRDA:330,21,1,0
BRDA:359,22,0,0
BRDA:359,22,1,1
BRF:44
BRH:23
end_of_record
